[2026-03-05 22:58:55] === DASHBOARD.PHP START ===
--------------------------------------------------------------------------------
[2026-03-05 22:58:55] Próba załadowania config/database.php
--------------------------------------------------------------------------------
[2026-03-05 22:58:55] ✓ config/database.php załadowany
--------------------------------------------------------------------------------
[2026-03-05 22:58:55] Próba połączenia z bazą
--------------------------------------------------------------------------------
[2026-03-05 22:58:55] ✓ Połączenie z bazą udane
--------------------------------------------------------------------------------
[2026-03-05 22:59:10] === DASHBOARD.PHP START ===
--------------------------------------------------------------------------------
[2026-03-05 22:59:10] Próba załadowania config/database.php
--------------------------------------------------------------------------------
[2026-03-05 22:59:10] ✓ config/database.php załadowany
--------------------------------------------------------------------------------
[2026-03-05 22:59:10] Próba połączenia z bazą
--------------------------------------------------------------------------------
[2026-03-05 22:59:10] ✓ Połączenie z bazą udane
--------------------------------------------------------------------------------
[2026-03-05 22:59:42] === DASHBOARD.PHP START ===
--------------------------------------------------------------------------------
[2026-03-05 22:59:42] Próba załadowania config/database.php
--------------------------------------------------------------------------------
[2026-03-05 22:59:42] ✓ config/database.php załadowany
--------------------------------------------------------------------------------
[2026-03-05 22:59:42] Próba połączenia z bazą
--------------------------------------------------------------------------------
[2026-03-05 22:59:42] ✓ Połączenie z bazą udane
--------------------------------------------------------------------------------
[2026-03-05 23:00:12] === DASHBOARD.PHP START ===
--------------------------------------------------------------------------------
[2026-03-05 23:00:12] Próba załadowania config/database.php
--------------------------------------------------------------------------------
[2026-03-05 23:00:12] ✓ config/database.php załadowany
--------------------------------------------------------------------------------
[2026-03-05 23:00:12] Próba połączenia z bazą
--------------------------------------------------------------------------------
[2026-03-05 23:00:12] ✓ Połączenie z bazą udane
--------------------------------------------------------------------------------
[2026-03-05 23:01:26] === DASHBOARD.PHP START ===
--------------------------------------------------------------------------------
[2026-03-05 23:01:26] Próba załadowania config/database.php
--------------------------------------------------------------------------------
[2026-03-05 23:01:26] ✓ config/database.php załadowany
--------------------------------------------------------------------------------
[2026-03-05 23:01:26] Próba połączenia z bazą
--------------------------------------------------------------------------------
[2026-03-05 23:01:26] ✓ Połączenie z bazą udane
--------------------------------------------------------------------------------
[2026-03-05 23:01:27] === DASHBOARD.PHP START ===
--------------------------------------------------------------------------------
[2026-03-05 23:01:27] Próba załadowania config/database.php
--------------------------------------------------------------------------------
[2026-03-05 23:01:27] ✓ config/database.php załadowany
--------------------------------------------------------------------------------
[2026-03-05 23:01:27] Próba połączenia z bazą
--------------------------------------------------------------------------------
[2026-03-05 23:01:27] ✓ Połączenie z bazą udane
--------------------------------------------------------------------------------
[2026-03-05 23:14:43] === DASHBOARD.PHP START ===
--------------------------------------------------------------------------------
[2026-03-05 23:14:43] Próba załadowania config/database.php
--------------------------------------------------------------------------------
[2026-03-05 23:14:43] ✓ config/database.php załadowany
--------------------------------------------------------------------------------
[2026-03-05 23:14:43] Próba połączenia z bazą
--------------------------------------------------------------------------------
[2026-03-05 23:14:43] ✓ Połączenie z bazą udane
--------------------------------------------------------------------------------
[2026-03-05 23:15:36] === DASHBOARD.PHP START ===
--------------------------------------------------------------------------------
[2026-03-05 23:15:36] Próba załadowania config/database.php
--------------------------------------------------------------------------------
[2026-03-05 23:15:36] ✓ config/database.php załadowany
--------------------------------------------------------------------------------
[2026-03-05 23:15:36] Próba połączenia z bazą
--------------------------------------------------------------------------------
[2026-03-05 23:15:36] ✓ Połączenie z bazą udane
--------------------------------------------------------------------------------
[2026-03-06 02:19:35] === DASHBOARD.PHP START ===
--------------------------------------------------------------------------------
[2026-03-06 02:19:35] Próba załadowania config/database.php
--------------------------------------------------------------------------------
[2026-03-06 02:19:35] ✓ config/database.php załadowany
--------------------------------------------------------------------------------
[2026-03-06 02:19:35] Próba połączenia z bazą
--------------------------------------------------------------------------------
